4643110100084C494D4542494B45BE8A
4643110100084C494D4542494B45BE8A
4643110100084C494D4542494B45BE8A
464311140000EAFB
4643110100084C494D4542494B45BE8A
4643110100084C494D4542494B45BE8A
4643110100084C494D4542494B45BE8A
464311140000EAFB
464311140000EAFB
464311140000EAFB
464311140000EAFB
464311140000EAFB
4643110100084C494D4542494B45BE8A
4643110100084C494D4542494B45BE8A
4643110100084C494D4542494B45BE8A
4643117100009A60
464311120000585B
4643110100084C494D4542494B45BE8A
4643110100084C494D4542494B45BE8A

464316110002010AB600
464316900004010F2100B491
4643169100020096E5D4
464316F10002012CC9A8
464316F3000209608DCA

464311200000F39E

464316610068F18A4A3750334F7A64674A7A4D52485238374C3777634D7974774F7A4D7747524D677537373657764C43777337763776376E3776736E567663377639746B4F52746B497A64734A526656567673762B75736E36767352763974734B5274734D5238564752503D3D0015D4
464316610068F18A4A3750334F7A64674A7A4D52485238374C3777634D7974774F7A4D7747524D677537373657764C43777337763776376E3776736E567663377639746B4F52746B497A64734A526656567673762B75736E36767352763974734B5274734D5238564752503D3D0015D4
464316120001F12B26

464311140000EAFB

464316610068F129D93750644F56696C4A564D57485738374B3753644F57386C4A5538374F55792F47376C322B524F373157793748557937485538374E576B3376524C4353783752375237733752787333526836365237363252687736534F3732576978475779784B574D6848000DEC
464316120001F12B26

4643110100084C494D4542494B45BE8A
4643117100009A60
464311120000585B
4643110100084C494D4542494B45BE8A
4643117100009A60
464311120000585B
4643110100084C494D4542494B45BE8A
4643110100084C494D4542494B45BE8A
4643110100084C494D4542494B45BE8A
4643117100009A60
4643117100009A60
464311120000585B
4643110100084C494D4542494B45BE8A
4643110100084C494D4542494B45BE8A
4643117100009A60464311120000585B
4643110100084C494D4542494B45BE8A
4643110100084C494D4542494B45BE8A
4643110100084C494D4542494B45BE8A
4643110100084C494D4542494B45BE8A
4643110100084C494D4542494B45BE8A
4643110100084C494D4542494B45BE8A
4643110100084C494D4542494B45BE8A
4643110100084C494D4542494B45BE8A
4643110100084C494D4542494B45BE8A
4643110100084C494D4542494B45BE8A
4643110100084C494D4542494B45BE8A
4643110100084C494D4542494B45BE8A
4643110100084C494D4542494B45BE8A
4643110100084C494D4542494B45BE8A
4643110100084C494D4542494B45BE8A
4643110100084C494D4542494B45BE8A
4643110100084C494D4542494B45BE8A

464316610001F0E2AE
464316120001F03B07

4643117100009A60
464311120000585B
4643110100084C494D4542494B45BE8A
4643110100084C494D4542494B45BE8A
4643117100009A60
464311120000585B
4643110100084C494D4542494B45BE8A
4643110100084C494D4542494B45BE8A
4643110100084C494D4542494B45BE8A
4643110100084C494D4542494B45BE8A
4643110100084C494D4542494B45BE8A
4643110100084C494D4542494B45BE8A
4643110100084C494D4542494B45BE8A
4643110100084C494D4542494B45BE8A
4643117100009A60
464311120000585B
4643110100084C494D4542494B45BE8A
4643110100084C494D4542494B45BE8A

464316110002010AB600
464316900004010F2100B491
4643169100020096E5D4
464316F10002012CC9A8
464316F3000209608DCA
464316610068F1EA4A3750334F7A64674A7A4D524852386B4A3777334F52745247524D73507A38774837666E2B764C6A7873362B37763776357637723575376E2B7673762B75736E363777674C7A4D2F4A7A4D774E7A765639767352763964374D7A4D73505274524D52646B3D00647B
464316120001F12B26

4643110100084C494D4542494B45BE8A

464316610068F124C437485047715558427145727A72386241376E544171386247703872437155376C2B4436346D44756E6A376E6D39553743706B3747726B664472456E6C376A6D376D546D366D5457356E6A69376E6A53356D6A6938376E504772386679714537437245624400F956
464316120001F12B264643117100009A60

464311120000585B
4643110100084C494D4542494B45BE8A
4643110100084C494D4542494B45BE8A
4643117100009A604643117100009A60
464311120000585B
4643110100084C494D4542494B45BE8A
4643110100084C494D4542494B45BE8A
4643110100084C494D4542494B45BE8A
4643110100084C494D4542494B45BE8A
4643110100084C494D4542494B45BE8A

464316610001F0E2AE
464316120001F03B07

4643117100009A60
464311120000585B
4643110100084C494D4542494B45BE8A
4643110100084C494D4542494B45BE8A
4643117100009A60
464311120000585B
4643110100084C494D4542494B45BE8A
4643110100084C494D4542494B45BE8A
4643110100084C494D4542494B45BE8A
4643110100084C494D4542494B45BE8A
4643110100084C494D4542494B45BE8A
